<?xml version="1.0" encoding="UTF-8"?>
<!-- Generated by org.testng.reporters.JUnitXMLReporter -->
<testsuite hostname="DESKTOP-OKJ6GLG" name="Save Button Test" tests="1" failures="0" timestamp="22 May 2020 05:30:22 GMT" time="0.019" errors="0">
  <testcase name="@BeforeTest isSkip" time="0.0" classname="POM_FaceBookTestCases.Tc_05_SaveButtonTest">
    <skipped/>
  </testcase> <!-- @BeforeTest isSkip -->
  <testcase name="Click_SaveButton" time="0.012" classname="POM_FaceBookTestCases.Tc_05_SaveButtonTest">
    <skipped/>
  </testcase> <!-- Click_SaveButton -->
</testsuite> <!-- Save Button Test -->
